<?xml version="1.0" encoding="utf-8"?>
<documents xsi:noNamespaceSchemaLocation="HDocumentSchema.xsd" xmlns:xsi="http://www.w3.org/2001/XMLSchema-instance">
    <document type="H">
        <pnldref>H6</pnldref>
        <english>
            <title>Harassment - breach of civil injunction</title>
            <additionalkeywords>
                <additionalkeyword>3</additionalkeyword>
                <additionalkeyword>PROTECTION FROM
                    HARASSMENT ACT 1997</additionalkeyword>
                <additionalkeyword>HARASSED</additionalkeyword>
                <additionalkeyword>HARASS</additionalkeyword>
                <additionalkeyword>STALK</additionalkeyword>
                <additionalkeyword>STALKED</additionalkeyword>
                <additionalkeyword>STALKING</additionalkeyword>
                <additionalkeyword>COUNTY</additionalkeyword>
                <additionalkeyword>HIGH COURT</additionalkeyword>
                <additionalkeyword>
                    ORDER</additionalkeyword>
            </additionalkeywords>
            <standardoffencewording>On **(..SPECIFY DATE..) at **(..SPECIFY TOWNSHIP..), without reasonable excuse, you **(..SPECIFY CONDUCT..) which you were prohibited from doing by an injunction granted by&lt;br /&gt;&lt;br /&gt;(A)_[the high court]_&lt;br /&gt;(B)_[**(..SPECIFY..) county court]_&lt;br /&gt;&lt;br /&gt;on **(..SPECIFY DATE OF ISSUE OF INJUNCTION..)</standardoffencewording>
            <legislation>Contrary to section 3(6) and (9) of the    Protection from Harassment Act 1997.</legislation>
            <pointstoprove>date and location&lt;br /&gt;    without reasonable excuse&lt;br /&gt;    pursued a course of conduct&lt;br /&gt;    prohibited by injunction&lt;br /&gt;    granted by high/county court</pointstoprove>
            <investigatoractions>
                <investigatoraction>
                    <code>IA27</code>
                    <description>Confirm proposed charge is appropriately authorised (Police or CPS)</description>
                </investigatoraction>
                <investigatoraction>
                    <code>IA28</code>
                    <description>Ensure compliance with investigator's obligations re disclosure</description>
                </investigatoraction>
                <investigatoraction>
                    <code>IA29</code>
                    <description>Consider if case suitable for referral to Financial Investigation Unit and CPS for asset recovery eg confiscation order</description>
                </investigatoraction>
                <investigatoraction>
                    <code>IA2</code>
                    <description>DNA Samples: If crime scene stain present - take evidential sample If no crime scene stain &amp; DNA not confirmed on PNC - take Criminal Justice sample. If DNA confirmed on PNC - CJ sample not required</description>
                </investigatoraction>
                <investigatoraction>
                    <code>IA1</code>
                    <description>Fingerprint &amp; photograph</description>
                </investigatoraction>
                <investigatoraction>
                    <code>IA6</code>
                    <description>Offences brought to justice scheme</description>
                </investigatoraction>
                <investigatoraction>
                    <code>IA4</code>
                    <description>PNC recordable</description>
                </investigatoraction>
                <investigatoraction>
                    <code>IA5</code>
                    <description>Submit a crime report</description>
                </investigatoraction>
                <investigatoraction>
                    <code>IA3</code>
                    <description>Audio record interview unless exempt</description>
                </investigatoraction>
            </investigatoractions>
            <policeandcpschargingresponsibilities>D27968</policeandcpschargingresponsibilities>
            <notes>(i) See subsections 3(7) and (8) re proceedings for contempt of court.&lt;br /&gt;(ii) Unlike section 2 and section 4, one act is sufficient to breach the injunction.</notes>
        </english>
        <indictment>
            <indictmentindicator>
                <code>N</code>
                <description>No</description>
            </indictmentindicator>
            <structuredindictmentindicator>
                <code>N</code>
                <description>No</description>
            </structuredindictmentindicator>
        </indictment>
        <welsh>
            <welshoffencetitle>Aflonyddu - torri gwaharddeb sifil</welshoffencetitle>
            <welshstandardoffencewording>Ar **(..SPECIFY DATE..) yn **(..SPECIFY TOWNSHIP..), heb esgus rhesymol, bu i chi **(..SPECIFY CONDUCT..) yr oeddech wedi'ch gwahardd rhag ei wneud gan waharddeb a roddwyd gan&lt;br /&gt;&lt;br /&gt;(A)_[yr uchel lys]_&lt;br /&gt;(B)_[llys sirol **(..SPECIFY..)]_&lt;br /&gt;&lt;br /&gt;ar **(..SPECIFY DATE OF ISSUE OF INJUNCTION..)</welshstandardoffencewording>
            <welshlegislation>Yn groes i Adran 3(6) a (9) Deddf Gwarchod rhag Aflonyddu 1997.</welshlegislation>
        </welsh>
        <other>
            <powersofarrest>Arrest without warrant</powersofarrest>
            <modeoftrial>
                <code>EWAY</code>
                <description>EITHER WAY</description>
            </modeoftrial>
            <timelimitforprosecutions>None</timelimitforprosecutions>
            <penalty>SUMMARY: Six months imprisonment and / or a fine not exceeding the    statutory maximum.&lt;br /&gt;&lt;br /&gt;    INDICTMENT: Five years imprisonment and / or a fine.&lt;br /&gt;Time limit for prosecutions:&lt;br /&gt;    None&lt;br /&gt;&lt;br /&gt;On the 12th March 2015 the limit on fines imposed by a Magistrates’ court was removed – as such, the potential fine on summary conviction in relation to an offence committed after this date is unlimited.</penalty>
            <geographicregion>
                <code>EW</code>
                <description>England and Wales</description>
            </geographicregion>
        </other>
        <codes>
            <cjsoffencecode>PH97001</cjsoffencecode>
            <recordableonpncindicator>
                <code>Y</code>
                <description>Yes</description>
            </recordableonpncindicator>
            <pncacpooffencecode>12.4.7.1</pncacpooffencecode>
            <notifiabletomoj>
                <code>Y</code>
                <description>Yes</description>
            </notifiabletomoj>
            <mojstatscode>008/29</mojstatscode>
            <mopireviewgroup>
                <code>B</code>
                <description>Group 2</description>
            </mopireviewgroup>
            <mopinoteslink>D19586</mopinoteslink>
            <disqualificationclass>
                <code>N</code>
                <description>discretionary disqualification not endorsable</description>
            </disqualificationclass>
            <seatbeltoffence>
                <code>N</code>
                <description>No</description>
            </seatbeltoffence>
            <fptissuedbypolice>0.00</fptissuedbypolice>
            <fptgraduated>0.00</fptgraduated>
            <fptgraduatedhigh>0.00</fptgraduatedhigh>
            <pndissuedbypolice>0.00</pndissuedbypolice>
            <pndissuedbylocalauthorities>0.00</pndissuedbylocalauthorities>
            <pndissuedbyothers>0.00</pndissuedbyothers>
            <roadsidedeposits>
                <code>N</code>
                <description>No</description>
            </roadsidedeposits>
        </codes>
        <libra>
            <libracategory>
                <code>CE</code>
                <description>Either Way</description>
            </libracategory>
            <fineindicator>
                <code>Y</code>
                <description>Yes</description>
            </fineindicator>
            <maxfinetypemagct>
                <code>U</code>
                <description>Unlimited</description>
            </maxfinetypemagct>
            <maxfinetypecrownct>
                <code>U</code>
                <description>Unlimited</description>
            </maxfinetypecrownct>
            <custodialindicator>
                <code>Y</code>
                <description>Yes</description>
            </custodialindicator>
            <maxcustodialsentenceunitmagct>
                <code>Months</code>
                <description>Months</description>
            </maxcustodialsentenceunitmagct>
            <maxcustodialsentencelengthmagct>6</maxcustodialsentencelengthmagct>
            <maxcustodialsentenceunitcrownct>
                <code>Years</code>
                <description>Years</description>
            </maxcustodialsentenceunitcrownct>
            <maxcustodialsentencelengthcrownct>5</maxcustodialsentencelengthcrownct>
            <miscode>
                <code>XXX</code>
                <description>Other indictable offence</description>
            </miscode>
        </libra>
        <ancillary>
            <offencestartdate>1997-05-07</offencestartdate>
            <legislationcode>
                <link>S235</link>
            </legislationcode>
            <lastupdate>170314 'notes' amended to remove internal link</lastupdate>
            <dateoflastupdate>2014-03-17</dateoflastupdate>
            <offencewordinggroup>P15</offencewordinggroup>
            <groups>
                <code>GG06</code>
                <description>Harassment</description>
            </groups>
        </ancillary>
    </document>
</documents>